<?xml version="1.0" encoding="UTF-8"?>
<!-- Generated by org.testng.reporters.JUnitReportReporter -->
<testsuite hostname="LAPTOP-5KOKBHLS" failures="0" tests="1" name="com.qa.pageObjects.GitHubDemo" time="0.082" errors="0" timestamp="26 Apr 2024 13:37:29 GMT" skipped="0">
  <testcase classname="com.qa.pageObjects.GitHubDemo" name="demo" time="0.082"/>
</testsuite> <!-- com.qa.pageObjects.GitHubDemo -->
