<?xml version="1.0" encoding="UTF-8"?>
<!-- Generated by org.testng.reporters.JUnitReportReporter -->
<testsuite hostname="LAPTOP-5KOKBHLS" failures="0" tests="1" name="com.qa.tests.FindTransactionSuite" time="41.387" errors="0" timestamp="29 Apr 2024 13:03:19 GMT" skipped="0">
  <testcase classname="com.qa.tests.FindTransactionSuite" name="TC_BP_001_validateWhetherTheUserAbleToFindTransactionById" time="41.387"/>
</testsuite> <!-- com.qa.tests.FindTransactionSuite -->
